[ 2016-07-04T09:13:05+08:00 ] ::1 /exam1/index.php/Home/Ceshi/index/p/2.html
INFO: [ app_init ] --START--
INFO: Run Behavior\BuildLiteBehavior [ RunTime:0.000000s ]
INFO: [ app_init ] --END-- [ RunTime:0.002000s ]
INFO: [ app_begin ] --START--
INFO: Run Behavior\ReadHtmlCacheBehavior [ RunTime:0.002000s ]
INFO: [ app_begin ] --END-- [ RunTime:0.002000s ]
SQL: SHOW COLUMNS FROM `at_type` [ RunTime:0.0050s ]
SQL: SELECT COUNT(*) AS tp_count FROM `at_type` LIMIT 1   [ RunTime:0.0000s ]
NOTIC: [8] Undefined variable: Page C:\wamp\www\exam1\Home\Controller\CeshiController.class.php 第 12 行.
NOTIC: [8] Trying to get property of non-object C:\wamp\www\exam1\Home\Controller\CeshiController.class.php 第 12 行.
NOTIC: [8] Undefined variable: Page C:\wamp\www\exam1\Home\Controller\CeshiController.class.php 第 12 行.
NOTIC: [8] Trying to get property of non-object C:\wamp\www\exam1\Home\Controller\CeshiController.class.php 第 12 行.
SQL: SELECT * FROM `at_type`  [ RunTime:0.0010s ]
INFO: [ view_parse ] --START--
INFO: [ template_filter ] --START--
INFO: Run Behavior\ContentReplaceBehavior [ RunTime:0.000000s ]
INFO: [ template_filter ] --END-- [ RunTime:0.000000s ]
INFO: Run Behavior\ParseTemplateBehavior [ RunTime:0.018001s ]
INFO: [ view_parse ] --END-- [ RunTime:0.019001s ]
INFO: [ view_filter ] --START--
INFO: Run Behavior\WriteHtmlCacheBehavior [ RunTime:0.001000s ]
INFO: [ view_filter ] --END-- [ RunTime:0.001000s ]
INFO: [ app_end ] --START--
INFO: Run Behavior\ShowPageTraceBehavior [ RunTime:0.001000s ]
INFO: [ app_end ] --END-- [ RunTime:0.001000s ]

[ 2016-07-04T09:13:08+08:00 ] ::1 /exam1/index.php/Home/Ceshi/index/p/1.html
INFO: [ app_init ] --START--
INFO: Run Behavior\BuildLiteBehavior [ RunTime:0.000000s ]
INFO: [ app_init ] --END-- [ RunTime:0.001000s ]
INFO: [ app_begin ] --START--
INFO: Run Behavior\ReadHtmlCacheBehavior [ RunTime:0.001000s ]
INFO: [ app_begin ] --END-- [ RunTime:0.001000s ]
SQL: SHOW COLUMNS FROM `at_type` [ RunTime:0.0050s ]
SQL: SELECT COUNT(*) AS tp_count FROM `at_type` LIMIT 1   [ RunTime:0.0010s ]
NOTIC: [8] Undefined variable: Page C:\wamp\www\exam1\Home\Controller\CeshiController.class.php 第 12 行.
NOTIC: [8] Trying to get property of non-object C:\wamp\www\exam1\Home\Controller\CeshiController.class.php 第 12 行.
NOTIC: [8] Undefined variable: Page C:\wamp\www\exam1\Home\Controller\CeshiController.class.php 第 12 行.
NOTIC: [8] Trying to get property of non-object C:\wamp\www\exam1\Home\Controller\CeshiController.class.php 第 12 行.
SQL: SELECT * FROM `at_type`  [ RunTime:0.0010s ]
INFO: [ view_parse ] --START--
INFO: [ template_filter ] --START--
INFO: Run Behavior\ContentReplaceBehavior [ RunTime:0.001000s ]
INFO: [ template_filter ] --END-- [ RunTime:0.001000s ]
INFO: Run Behavior\ParseTemplateBehavior [ RunTime:0.012001s ]
INFO: [ view_parse ] --END-- [ RunTime:0.013001s ]
INFO: [ view_filter ] --START--
INFO: Run Behavior\WriteHtmlCacheBehavior [ RunTime:0.000000s ]
INFO: [ view_filter ] --END-- [ RunTime:0.001000s ]
INFO: [ app_end ] --START--
INFO: Run Behavior\ShowPageTraceBehavior [ RunTime:0.001000s ]
INFO: [ app_end ] --END-- [ RunTime:0.001000s ]

