[ 2016-08-07T09:37:08+08:00 ] ::1 /exam1/index.php/Admin/Article/showlist
INFO: [ app_init ] --START--
INFO: Run Behavior\BuildLiteBehavior [ RunTime:0.000000s ]
INFO: [ app_init ] --END-- [ RunTime:0.004000s ]
INFO: [ app_begin ] --START--
INFO: Run Behavior\ReadHtmlCacheBehavior [ RunTime:0.002001s ]
INFO: [ app_begin ] --END-- [ RunTime:0.003001s ]
SQL: SHOW COLUMNS FROM `at_article` [ RunTime:0.0270s ]
SQL: SELECT COUNT(*) AS tp_count FROM `at_article` LIMIT 1   [ RunTime:0.0080s ]
SQL: SELECT * FROM `at_article` LIMIT 0,2   [ RunTime:0.0010s ]
SQL: SHOW COLUMNS FROM `at_type` [ RunTime:0.0060s ]
SQL: SELECT * FROM `at_type` WHERE ( 1=1 AND typeid='0' ) LIMIT 1   [ RunTime:0.0020s ]
SQL: SELECT * FROM `at_type` WHERE ( 1=1 AND typeid='1' ) LIMIT 1   [ RunTime:0.0010s ]
INFO: [ view_parse ] --START--
INFO: [ template_filter ] --START--
INFO: Run Behavior\ContentReplaceBehavior [ RunTime:0.000000s ]
INFO: [ template_filter ] --END-- [ RunTime:0.001000s ]
INFO: Run Behavior\ParseTemplateBehavior [ RunTime:0.026002s ]
INFO: [ view_parse ] --END-- [ RunTime:0.026002s ]
INFO: [ view_filter ] --START--
INFO: Run Behavior\WriteHtmlCacheBehavior [ RunTime:0.002000s ]
INFO: [ view_filter ] --END-- [ RunTime:0.002000s ]
INFO: [ app_end ] --START--
INFO: Run Behavior\ShowPageTraceBehavior [ RunTime:0.001000s ]
INFO: [ app_end ] --END-- [ RunTime:0.003000s ]

