[ 2016-08-08T10:08:27+08:00 ] ::1 /exam1/index.php/Admin/Article/xiugai/id/1
INFO: [ app_init ] --START--
INFO: Run Behavior\BuildLiteBehavior [ RunTime:0.000000s ]
INFO: [ app_init ] --END-- [ RunTime:0.004001s ]
INFO: [ app_begin ] --START--
INFO: Run Behavior\ReadHtmlCacheBehavior [ RunTime:0.001000s ]
INFO: [ app_begin ] --END-- [ RunTime:0.002000s ]
SQL: SHOW COLUMNS FROM `at_article` [ RunTime:0.0320s ]
SQL: SHOW COLUMNS FROM `at_type` [ RunTime:0.0060s ]
SQL: SELECT * FROM `at_type`  [ RunTime:0.0060s ]
SQL: SELECT * FROM `at_article` WHERE `id` = 1 LIMIT 1   [ RunTime:0.0020s ]
INFO: [ view_parse ] --START--
INFO: [ template_filter ] --START--
INFO: Run Behavior\ContentReplaceBehavior [ RunTime:0.000000s ]
INFO: [ template_filter ] --END-- [ RunTime:0.000000s ]
NOTIC: [8] Undefined index: auth C:\wamp\www\exam1\Runtime\Cache\Admin\b967bb93e1d85cdf8d0cffe03448c106.php 第 31 行.
NOTIC: [8] Use of undefined constant hot - assumed 'hot' C:\wamp\www\exam1\Runtime\Cache\Admin\b967bb93e1d85cdf8d0cffe03448c106.php 第 37 行.
INFO: Run Behavior\ParseTemplateBehavior [ RunTime:0.027002s ]
INFO: [ view_parse ] --END-- [ RunTime:0.027002s ]
INFO: [ view_filter ] --START--
INFO: Run Behavior\WriteHtmlCacheBehavior [ RunTime:0.002000s ]
INFO: [ view_filter ] --END-- [ RunTime:0.002000s ]
INFO: [ app_end ] --START--
INFO: Run Behavior\ShowPageTraceBehavior [ RunTime:0.002000s ]
INFO: [ app_end ] --END-- [ RunTime:0.002000s ]

[ 2016-08-08T10:08:32+08:00 ] ::1 /exam1/index.php/Admin/Article/showlist
INFO: [ app_init ] --START--
INFO: Run Behavior\BuildLiteBehavior [ RunTime:0.000000s ]
INFO: [ app_init ] --END-- [ RunTime:0.001000s ]
INFO: [ app_begin ] --START--
INFO: Run Behavior\ReadHtmlCacheBehavior [ RunTime:0.001000s ]
INFO: [ app_begin ] --END-- [ RunTime:0.001000s ]
SQL: SHOW COLUMNS FROM `at_article` [ RunTime:0.0060s ]
SQL: SELECT COUNT(*) AS tp_count FROM `at_article` LIMIT 1   [ RunTime:0.0020s ]
SQL: SELECT * FROM `at_article` LIMIT 0,2   [ RunTime:0.0010s ]
SQL: SHOW COLUMNS FROM `at_type` [ RunTime:0.0060s ]
SQL: SELECT * FROM `at_type` WHERE ( 1=1 AND typeid='0' ) LIMIT 1   [ RunTime:0.0000s ]
SQL: SELECT * FROM `at_type` WHERE ( 1=1 AND typeid='1' ) LIMIT 1   [ RunTime:0.0000s ]
INFO: [ view_parse ] --START--
INFO: [ template_filter ] --START--
INFO: Run Behavior\ContentReplaceBehavior [ RunTime:0.000000s ]
INFO: [ template_filter ] --END-- [ RunTime:0.000000s ]
INFO: Run Behavior\ParseTemplateBehavior [ RunTime:0.014001s ]
INFO: [ view_parse ] --END-- [ RunTime:0.014001s ]
INFO: [ view_filter ] --START--
INFO: Run Behavior\WriteHtmlCacheBehavior [ RunTime:0.000000s ]
INFO: [ view_filter ] --END-- [ RunTime:0.000000s ]
INFO: [ app_end ] --START--
INFO: Run Behavior\ShowPageTraceBehavior [ RunTime:0.001000s ]
INFO: [ app_end ] --END-- [ RunTime:0.001000s ]

[ 2016-08-08T10:10:35+08:00 ] ::1 /exam1/index.php/Admin/Article/showlist/p/2.html
INFO: [ app_init ] --START--
INFO: Run Behavior\BuildLiteBehavior [ RunTime:0.000000s ]
INFO: [ app_init ] --END-- [ RunTime:0.001000s ]
INFO: [ app_begin ] --START--
INFO: Run Behavior\ReadHtmlCacheBehavior [ RunTime:0.001001s ]
INFO: [ app_begin ] --END-- [ RunTime:0.001001s ]
SQL: SHOW COLUMNS FROM `at_article` [ RunTime:0.0060s ]
SQL: SELECT COUNT(*) AS tp_count FROM `at_article` LIMIT 1   [ RunTime:0.0010s ]
SQL: SELECT * FROM `at_article` LIMIT 2,2   [ RunTime:0.0000s ]
SQL: SHOW COLUMNS FROM `at_type` [ RunTime:0.0050s ]
SQL: SELECT * FROM `at_type` WHERE ( 1=1 AND typeid='71' ) LIMIT 1   [ RunTime:0.0000s ]
SQL: SELECT * FROM `at_type` WHERE ( 1=1 AND typeid='1' ) LIMIT 1   [ RunTime:0.0010s ]
INFO: [ view_parse ] --START--
INFO: [ template_filter ] --START--
INFO: Run Behavior\ContentReplaceBehavior [ RunTime:0.000000s ]
INFO: [ template_filter ] --END-- [ RunTime:0.000000s ]
INFO: Run Behavior\ParseTemplateBehavior [ RunTime:0.015001s ]
INFO: [ view_parse ] --END-- [ RunTime:0.015001s ]
INFO: [ view_filter ] --START--
INFO: Run Behavior\WriteHtmlCacheBehavior [ RunTime:0.001000s ]
INFO: [ view_filter ] --END-- [ RunTime:0.001000s ]
INFO: [ app_end ] --START--
INFO: Run Behavior\ShowPageTraceBehavior [ RunTime:0.001000s ]
INFO: [ app_end ] --END-- [ RunTime:0.001000s ]

[ 2016-08-08T10:10:36+08:00 ] ::1 /exam1/index.php/Admin/Article/showlist/p/3.html
INFO: [ app_init ] --START--
INFO: Run Behavior\BuildLiteBehavior [ RunTime:0.000000s ]
INFO: [ app_init ] --END-- [ RunTime:0.000000s ]
INFO: [ app_begin ] --START--
INFO: Run Behavior\ReadHtmlCacheBehavior [ RunTime:0.001000s ]
INFO: [ app_begin ] --END-- [ RunTime:0.002000s ]
SQL: SHOW COLUMNS FROM `at_article` [ RunTime:0.0060s ]
SQL: SELECT COUNT(*) AS tp_count FROM `at_article` LIMIT 1   [ RunTime:0.0010s ]
SQL: SELECT * FROM `at_article` LIMIT 4,2   [ RunTime:0.0010s ]
SQL: SHOW COLUMNS FROM `at_type` [ RunTime:0.0060s ]
SQL: SELECT * FROM `at_type` WHERE ( 1=1 AND typeid='71' ) LIMIT 1   [ RunTime:0.0010s ]
SQL: SELECT * FROM `at_type` WHERE ( 1=1 AND typeid='70' ) LIMIT 1   [ RunTime:0.0010s ]
INFO: [ view_parse ] --START--
INFO: [ template_filter ] --START--
INFO: Run Behavior\ContentReplaceBehavior [ RunTime:0.000000s ]
INFO: [ template_filter ] --END-- [ RunTime:0.001000s ]
INFO: Run Behavior\ParseTemplateBehavior [ RunTime:0.015000s ]
INFO: [ view_parse ] --END-- [ RunTime:0.016001s ]
INFO: [ view_filter ] --START--
INFO: Run Behavior\WriteHtmlCacheBehavior [ RunTime:0.000000s ]
INFO: [ view_filter ] --END-- [ RunTime:0.001000s ]
INFO: [ app_end ] --START--
INFO: Run Behavior\ShowPageTraceBehavior [ RunTime:0.001001s ]
INFO: [ app_end ] --END-- [ RunTime:0.001001s ]

[ 2016-08-08T10:10:37+08:00 ] ::1 /exam1/index.php/Admin/Article/showlist/p/4.html
INFO: [ app_init ] --START--
INFO: Run Behavior\BuildLiteBehavior [ RunTime:0.000000s ]
INFO: [ app_init ] --END-- [ RunTime:0.001000s ]
INFO: [ app_begin ] --START--
INFO: Run Behavior\ReadHtmlCacheBehavior [ RunTime:0.002000s ]
INFO: [ app_begin ] --END-- [ RunTime:0.002000s ]
SQL: SHOW COLUMNS FROM `at_article` [ RunTime:0.0050s ]
SQL: SELECT COUNT(*) AS tp_count FROM `at_article` LIMIT 1   [ RunTime:0.0010s ]
SQL: SELECT * FROM `at_article` LIMIT 6,2   [ RunTime:0.0000s ]
SQL: SHOW COLUMNS FROM `at_type` [ RunTime:0.0050s ]
SQL: SELECT * FROM `at_type` WHERE ( 1=1 AND typeid='1' ) LIMIT 1   [ RunTime:0.0010s ]
SQL: SELECT * FROM `at_type` WHERE ( 1=1 AND typeid='70' ) LIMIT 1   [ RunTime:0.0000s ]
INFO: [ view_parse ] --START--
INFO: [ template_filter ] --START--
INFO: Run Behavior\ContentReplaceBehavior [ RunTime:0.001000s ]
INFO: [ template_filter ] --END-- [ RunTime:0.001000s ]
INFO: Run Behavior\ParseTemplateBehavior [ RunTime:0.015001s ]
INFO: [ view_parse ] --END-- [ RunTime:0.015001s ]
INFO: [ view_filter ] --START--
INFO: Run Behavior\WriteHtmlCacheBehavior [ RunTime:0.001000s ]
INFO: [ view_filter ] --END-- [ RunTime:0.001000s ]
INFO: [ app_end ] --START--
INFO: Run Behavior\ShowPageTraceBehavior [ RunTime:0.001000s ]
INFO: [ app_end ] --END-- [ RunTime:0.001000s ]

[ 2016-08-08T10:10:37+08:00 ] ::1 /exam1/index.php/Admin/Article/showlist/p/5.html
INFO: [ app_init ] --START--
INFO: Run Behavior\BuildLiteBehavior [ RunTime:0.000000s ]
INFO: [ app_init ] --END-- [ RunTime:0.001000s ]
INFO: [ app_begin ] --START--
INFO: Run Behavior\ReadHtmlCacheBehavior [ RunTime:0.001001s ]
INFO: [ app_begin ] --END-- [ RunTime:0.001001s ]
SQL: SHOW COLUMNS FROM `at_article` [ RunTime:0.0050s ]
SQL: SELECT COUNT(*) AS tp_count FROM `at_article` LIMIT 1   [ RunTime:0.0000s ]
SQL: SELECT * FROM `at_article` LIMIT 8,2   [ RunTime:0.0010s ]
SQL: SHOW COLUMNS FROM `at_type` [ RunTime:0.0060s ]
SQL: SELECT * FROM `at_type` WHERE ( 1=1 AND typeid='0' ) LIMIT 1   [ RunTime:0.0010s ]
SQL: SELECT * FROM `at_type` WHERE ( 1=1 AND typeid='70' ) LIMIT 1   [ RunTime:0.0000s ]
INFO: [ view_parse ] --START--
INFO: [ template_filter ] --START--
INFO: Run Behavior\ContentReplaceBehavior [ RunTime:0.000000s ]
INFO: [ template_filter ] --END-- [ RunTime:0.001000s ]
INFO: Run Behavior\ParseTemplateBehavior [ RunTime:0.015001s ]
INFO: [ view_parse ] --END-- [ RunTime:0.015001s ]
INFO: [ view_filter ] --START--
INFO: Run Behavior\WriteHtmlCacheBehavior [ RunTime:0.001000s ]
INFO: [ view_filter ] --END-- [ RunTime:0.001000s ]
INFO: [ app_end ] --START--
INFO: Run Behavior\ShowPageTraceBehavior [ RunTime:0.000000s ]
INFO: [ app_end ] --END-- [ RunTime:0.001000s ]

[ 2016-08-08T10:10:38+08:00 ] ::1 /exam1/index.php/Admin/Article/showlist/p/6.html
INFO: [ app_init ] --START--
INFO: Run Behavior\BuildLiteBehavior [ RunTime:0.000000s ]
INFO: [ app_init ] --END-- [ RunTime:0.000000s ]
INFO: [ app_begin ] --START--
INFO: Run Behavior\ReadHtmlCacheBehavior [ RunTime:0.001000s ]
INFO: [ app_begin ] --END-- [ RunTime:0.002000s ]
SQL: SHOW COLUMNS FROM `at_article` [ RunTime:0.0050s ]
SQL: SELECT COUNT(*) AS tp_count FROM `at_article` LIMIT 1   [ RunTime:0.0010s ]
SQL: SELECT * FROM `at_article` LIMIT 10,2   [ RunTime:0.0010s ]
SQL: SHOW COLUMNS FROM `at_type` [ RunTime:0.0050s ]
SQL: SELECT * FROM `at_type` WHERE ( 1=1 AND typeid='0' ) LIMIT 1   [ RunTime:0.0010s ]
SQL: SELECT * FROM `at_type` WHERE ( 1=1 AND typeid='70' ) LIMIT 1   [ RunTime:0.0010s ]
INFO: [ view_parse ] --START--
INFO: [ template_filter ] --START--
INFO: Run Behavior\ContentReplaceBehavior [ RunTime:0.000000s ]
INFO: [ template_filter ] --END-- [ RunTime:0.000000s ]
INFO: Run Behavior\ParseTemplateBehavior [ RunTime:0.014001s ]
INFO: [ view_parse ] --END-- [ RunTime:0.015001s ]
INFO: [ view_filter ] --START--
INFO: Run Behavior\WriteHtmlCacheBehavior [ RunTime:0.001000s ]
INFO: [ view_filter ] --END-- [ RunTime:0.001000s ]
INFO: [ app_end ] --START--
INFO: Run Behavior\ShowPageTraceBehavior [ RunTime:0.002000s ]
INFO: [ app_end ] --END-- [ RunTime:0.002000s ]

[ 2016-08-08T10:10:39+08:00 ] ::1 /exam1/index.php/Admin/Article/showlist/p/7.html
INFO: [ app_init ] --START--
INFO: Run Behavior\BuildLiteBehavior [ RunTime:0.000000s ]
INFO: [ app_init ] --END-- [ RunTime:0.000000s ]
INFO: [ app_begin ] --START--
INFO: Run Behavior\ReadHtmlCacheBehavior [ RunTime:0.001000s ]
INFO: [ app_begin ] --END-- [ RunTime:0.002000s ]
SQL: SHOW COLUMNS FROM `at_article` [ RunTime:0.0060s ]
SQL: SELECT COUNT(*) AS tp_count FROM `at_article` LIMIT 1   [ RunTime:0.0000s ]
SQL: SELECT * FROM `at_article` LIMIT 12,2   [ RunTime:0.0010s ]
SQL: SHOW COLUMNS FROM `at_type` [ RunTime:0.0050s ]
SQL: SELECT * FROM `at_type` WHERE ( 1=1 AND typeid='1' ) LIMIT 1   [ RunTime:0.0010s ]
SQL: SELECT * FROM `at_type` WHERE ( 1=1 AND typeid='70' ) LIMIT 1   [ RunTime:0.0000s ]
INFO: [ view_parse ] --START--
INFO: [ template_filter ] --START--
INFO: Run Behavior\ContentReplaceBehavior [ RunTime:0.000000s ]
INFO: [ template_filter ] --END-- [ RunTime:0.000000s ]
INFO: Run Behavior\ParseTemplateBehavior [ RunTime:0.017001s ]
INFO: [ view_parse ] --END-- [ RunTime:0.017001s ]
INFO: [ view_filter ] --START--
INFO: Run Behavior\WriteHtmlCacheBehavior [ RunTime:0.000000s ]
INFO: [ view_filter ] --END-- [ RunTime:0.001000s ]
INFO: [ app_end ] --START--
INFO: Run Behavior\ShowPageTraceBehavior [ RunTime:0.001001s ]
INFO: [ app_end ] --END-- [ RunTime:0.001001s ]

[ 2016-08-08T10:14:06+08:00 ] ::1 /exam1/index.php/Admin/Article/xiugai/id/15
INFO: [ app_init ] --START--
INFO: Run Behavior\BuildLiteBehavior [ RunTime:0.000000s ]
INFO: [ app_init ] --END-- [ RunTime:0.000000s ]
INFO: [ app_begin ] --START--
INFO: Run Behavior\ReadHtmlCacheBehavior [ RunTime:0.001000s ]
INFO: [ app_begin ] --END-- [ RunTime:0.001000s ]
SQL: SHOW COLUMNS FROM `at_article` [ RunTime:0.0060s ]
SQL: SHOW COLUMNS FROM `at_type` [ RunTime:0.0040s ]
SQL: SELECT * FROM `at_type`  [ RunTime:0.0000s ]
SQL: SELECT * FROM `at_article` WHERE `id` = 15 LIMIT 1   [ RunTime:0.0010s ]
INFO: [ view_parse ] --START--
INFO: [ template_filter ] --START--
INFO: Run Behavior\ContentReplaceBehavior [ RunTime:0.000000s ]
INFO: [ template_filter ] --END-- [ RunTime:0.000000s ]
NOTIC: [8] Undefined index: auth C:\wamp\www\exam1\Runtime\Cache\Admin\b967bb93e1d85cdf8d0cffe03448c106.php 第 31 行.
NOTIC: [8] Use of undefined constant hot - assumed 'hot' C:\wamp\www\exam1\Runtime\Cache\Admin\b967bb93e1d85cdf8d0cffe03448c106.php 第 37 行.
INFO: Run Behavior\ParseTemplateBehavior [ RunTime:0.017001s ]
INFO: [ view_parse ] --END-- [ RunTime:0.017001s ]
INFO: [ view_filter ] --START--
INFO: Run Behavior\WriteHtmlCacheBehavior [ RunTime:0.001000s ]
INFO: [ view_filter ] --END-- [ RunTime:0.001000s ]
INFO: [ app_end ] --START--
INFO: Run Behavior\ShowPageTraceBehavior [ RunTime:0.001000s ]
INFO: [ app_end ] --END-- [ RunTime:0.001000s ]

[ 2016-08-08T10:14:09+08:00 ] ::1 /exam1/index.php/Admin/Article/showlist/p/3.html
INFO: [ app_init ] --START--
INFO: Run Behavior\BuildLiteBehavior [ RunTime:0.000000s ]
INFO: [ app_init ] --END-- [ RunTime:0.001000s ]
INFO: [ app_begin ] --START--
INFO: Run Behavior\ReadHtmlCacheBehavior [ RunTime:0.002001s ]
INFO: [ app_begin ] --END-- [ RunTime:0.002001s ]
SQL: SHOW COLUMNS FROM `at_article` [ RunTime:0.0070s ]
SQL: SELECT COUNT(*) AS tp_count FROM `at_article` LIMIT 1   [ RunTime:0.0000s ]
SQL: SELECT * FROM `at_article` LIMIT 4,2   [ RunTime:0.0000s ]
SQL: SHOW COLUMNS FROM `at_type` [ RunTime:0.0050s ]
SQL: SELECT * FROM `at_type` WHERE ( 1=1 AND typeid='71' ) LIMIT 1   [ RunTime:0.0010s ]
SQL: SELECT * FROM `at_type` WHERE ( 1=1 AND typeid='70' ) LIMIT 1   [ RunTime:0.0000s ]
INFO: [ view_parse ] --START--
INFO: [ template_filter ] --START--
INFO: Run Behavior\ContentReplaceBehavior [ RunTime:0.001001s ]
INFO: [ template_filter ] --END-- [ RunTime:0.001001s ]
INFO: Run Behavior\ParseTemplateBehavior [ RunTime:0.020001s ]
INFO: [ view_parse ] --END-- [ RunTime:0.021001s ]
INFO: [ view_filter ] --START--
INFO: Run Behavior\WriteHtmlCacheBehavior [ RunTime:0.001000s ]
INFO: [ view_filter ] --END-- [ RunTime:0.001000s ]
INFO: [ app_end ] --START--
INFO: Run Behavior\ShowPageTraceBehavior [ RunTime:0.003000s ]
INFO: [ app_end ] --END-- [ RunTime:0.003000s ]

[ 2016-08-08T10:14:11+08:00 ] ::1 /exam1/index.php/Admin/Article/xiugai/id/5
INFO: [ app_init ] --START--
INFO: Run Behavior\BuildLiteBehavior [ RunTime:0.000000s ]
INFO: [ app_init ] --END-- [ RunTime:0.000000s ]
INFO: [ app_begin ] --START--
INFO: Run Behavior\ReadHtmlCacheBehavior [ RunTime:0.001000s ]
INFO: [ app_begin ] --END-- [ RunTime:0.002000s ]
SQL: SHOW COLUMNS FROM `at_article` [ RunTime:0.0050s ]
SQL: SHOW COLUMNS FROM `at_type` [ RunTime:0.0040s ]
SQL: SELECT * FROM `at_type`  [ RunTime:0.0000s ]
SQL: SELECT * FROM `at_article` WHERE `id` = 5 LIMIT 1   [ RunTime:0.0010s ]
INFO: [ view_parse ] --START--
INFO: [ template_filter ] --START--
INFO: Run Behavior\ContentReplaceBehavior [ RunTime:0.000000s ]
INFO: [ template_filter ] --END-- [ RunTime:0.001000s ]
NOTIC: [8] Undefined index: auth C:\wamp\www\exam1\Runtime\Cache\Admin\b967bb93e1d85cdf8d0cffe03448c106.php 第 31 行.
NOTIC: [8] Use of undefined constant hot - assumed 'hot' C:\wamp\www\exam1\Runtime\Cache\Admin\b967bb93e1d85cdf8d0cffe03448c106.php 第 37 行.
INFO: Run Behavior\ParseTemplateBehavior [ RunTime:0.017001s ]
INFO: [ view_parse ] --END-- [ RunTime:0.017001s ]
INFO: [ view_filter ] --START--
INFO: Run Behavior\WriteHtmlCacheBehavior [ RunTime:0.001000s ]
INFO: [ view_filter ] --END-- [ RunTime:0.001000s ]
INFO: [ app_end ] --START--
INFO: Run Behavior\ShowPageTraceBehavior [ RunTime:0.001000s ]
INFO: [ app_end ] --END-- [ RunTime:0.001000s ]

